\BOOKMARK [1][-]{section.1}{Introduction}{}% 1
\BOOKMARK [1][-]{section.2}{Anticipated\040and\040Unlikely\040Changes}{}% 2
\BOOKMARK [2][-]{subsection.2.1}{Anticipated\040Changes}{section.2}% 3
\BOOKMARK [2][-]{subsection.2.2}{Unlikely\040Changes}{section.2}% 4
\BOOKMARK [1][-]{section.3}{Module\040Hierarchy}{}% 5
\BOOKMARK [1][-]{section.4}{Connection\040Between\040Requirements\040and\040Design}{}% 6
\BOOKMARK [1][-]{section.5}{Module\040Decomposition}{}% 7
\BOOKMARK [2][-]{subsection.5.1}{Hardware\040Hiding\040Modules\040\(M1\)}{section.5}% 8
\BOOKMARK [2][-]{subsection.5.2}{Behaviour-Hiding\040Module}{section.5}% 9
\BOOKMARK [3][-]{subsubsection.5.2.1}{Interactable\040\(Object\)\040\(M7\)}{subsection.5.2}% 10
\BOOKMARK [3][-]{subsubsection.5.2.2}{Enemy\040\(Object\)\040\(M8\)}{subsection.5.2}% 11
\BOOKMARK [3][-]{subsubsection.5.2.3}{ItemStore\040\(Object\)\040\(M9\)}{subsection.5.2}% 12
\BOOKMARK [3][-]{subsubsection.5.2.4}{InteractableController\040\(Character\)\040\(M10\)}{subsection.5.2}% 13
\BOOKMARK [3][-]{subsubsection.5.2.5}{EquipmentUI\040\(M11\)}{subsection.5.2}% 14
\BOOKMARK [3][-]{subsubsection.5.2.6}{EquipmentSlotUI\040\(M12\)}{subsection.5.2}% 15
\BOOKMARK [3][-]{subsubsection.5.2.7}{InventoryUI\040\(M13\)}{subsection.5.2}% 16
\BOOKMARK [3][-]{subsubsection.5.2.8}{InventorySlotUI\040\(M14\)}{subsection.5.2}% 17
\BOOKMARK [3][-]{subsubsection.5.2.9}{CharacterCombat\040\(Character\)\040\(M15\)}{subsection.5.2}% 18
\BOOKMARK [3][-]{subsubsection.5.2.10}{Zombie\040\(Object\)\040\(M20\)}{subsection.5.2}% 19
\BOOKMARK [3][-]{subsubsection.5.2.11}{FirstPersonController\040\(Character\)\040\(M21\)}{subsection.5.2}% 20
\BOOKMARK [3][-]{subsubsection.5.2.12}{Gun\040\(Object\)\040\(M22\)}{subsection.5.2}% 21
\BOOKMARK [3][-]{subsubsection.5.2.13}{BulletDamage\040\(Objects\)\040\(M23\)}{subsection.5.2}% 22
\BOOKMARK [3][-]{subsubsection.5.2.14}{magentaDayLightController\040\(Objects\)\040\(M24\)}{subsection.5.2}% 23
\BOOKMARK [3][-]{subsubsection.5.2.15}{magenta\040PlayerUI\040\(M25\)}{subsection.5.2}% 24
\BOOKMARK [2][-]{subsection.5.3}{Software\040Decision\040Module}{section.5}% 25
\BOOKMARK [3][-]{subsubsection.5.3.1}{Item\040\(Component\)\040\(M2\)}{subsection.5.3}% 26
\BOOKMARK [3][-]{subsubsection.5.3.2}{ConsumableItem\040\(Component\)\040\(M3\)}{subsection.5.3}% 27
\BOOKMARK [3][-]{subsubsection.5.3.3}{EquipmentItem\040\(Component\)\040\(M4\)}{subsection.5.3}% 28
\BOOKMARK [3][-]{subsubsection.5.3.4}{EquipmentManager\040\(Manager\)\040\(M5\)}{subsection.5.3}% 29
\BOOKMARK [3][-]{subsubsection.5.3.5}{InventoryManager\040\(Manager\)\040\(M6\)}{subsection.5.3}% 30
\BOOKMARK [3][-]{subsubsection.5.3.6}{CharacterStats\040\(Manager\)\040\(M16\)}{subsection.5.3}% 31
\BOOKMARK [3][-]{subsubsection.5.3.7}{PlayerStats\040\(Manager\)\040\(M17\)}{subsection.5.3}% 32
\BOOKMARK [3][-]{subsubsection.5.3.8}{ZombieStats\040\(Manager\)\040\(M18\)}{subsection.5.3}% 33
\BOOKMARK [3][-]{subsubsection.5.3.9}{Stat\040\(Component\)\040\(M19\)}{subsection.5.3}% 34
\BOOKMARK [1][-]{section.6}{Traceability\040Matrix}{}% 35
\BOOKMARK [1][-]{section.7}{Use\040Hierarchy\040Between\040Modules}{}% 36
